{"C:\\Users\\Abc\\OneDrive\\Desktop\\TERM_3\\Back-End Development\\Assignments\\assignment_2\\Management_API\\config\\swagger.ts": {"path":"C:\\Users\\Abc\\OneDrive\\Desktop\\TERM_3\\Back-End Development\\Assignments\\assignment_2\\Management_API\\config\\swagger.ts","statementMap":{"0":{"start":{"line":1,"column":0},"end":{"line":1,"column":43}},"1":{"start":{"line":3,"column":0},"end":{"line":3,"column":55}},"2":{"start":{"line":5,"column":21},"end":{"line":8,"column":1}},"3":{"start":{"line":6,"column":18},"end":{"line":6,"column":39}},"4":{"start":{"line":7,"column":4},"end":{"line":7,"column":66}},"5":{"start":{"line":10,"column":0},"end":{"line":10,"column":28}}},"fnMap":{"0":{"name":"(anonymous_1)","decl":{"start":{"line":5,"column":21},"end":{"line":5,"column":22}},"loc":{"start":{"line":5,"column":44},"end":{"line":8,"column":1}}}},"branchMap":{},"s":{"0":2,"1":2,"2":2,"3":2,"4":2,"5":2},"f":{"0":2},"b":{}}
,"C:\\Users\\Abc\\OneDrive\\Desktop\\TERM_3\\Back-End Development\\Assignments\\assignment_2\\Management_API\\config\\swaggerOptions.ts": {"path":"C:\\Users\\Abc\\OneDrive\\Desktop\\TERM_3\\Back-End Development\\Assignments\\assignment_2\\Management_API\\config\\swaggerOptions.ts","statementMap":{"0":{"start":{"line":1,"column":0},"end":{"line":1,"column":41}},"1":{"start":{"line":3,"column":45},"end":{"line":34,"column":2}},"2":{"start":{"line":37,"column":35},"end":{"line":39,"column":1}},"3":{"start":{"line":38,"column":4},"end":{"line":38,"column":40}},"4":{"start":{"line":37,"column":13},"end":{"line":37,"column":35}}},"fnMap":{"0":{"name":"(anonymous_1)","decl":{"start":{"line":37,"column":35},"end":{"line":37,"column":46}},"loc":{"start":{"line":37,"column":48},"end":{"line":39,"column":1}}}},"branchMap":{},"s":{"0":2,"1":2,"2":2,"3":2,"4":2},"f":{"0":2},"b":{}}
,"C:\\Users\\Abc\\OneDrive\\Desktop\\TERM_3\\Back-End Development\\Assignments\\assignment_2\\Management_API\\src\\app.ts": {"path":"C:\\Users\\Abc\\OneDrive\\Desktop\\TERM_3\\Back-End Development\\Assignments\\assignment_2\\Management_API\\src\\app.ts","statementMap":{"0":{"start":{"line":1,"column":0},"end":{"line":1,"column":28}},"1":{"start":{"line":3,"column":0},"end":{"line":3,"column":16}},"2":{"start":{"line":4,"column":0},"end":{"line":4,"column":67}},"3":{"start":{"line":5,"column":0},"end":{"line":5,"column":28}},"4":{"start":{"line":6,"column":0},"end":{"line":6,"column":24}},"5":{"start":{"line":7,"column":0},"end":{"line":7,"column":45}},"6":{"start":{"line":8,"column":0},"end":{"line":8,"column":28}},"7":{"start":{"line":9,"column":0},"end":{"line":9,"column":43}},"8":{"start":{"line":10,"column":0},"end":{"line":10,"column":41}},"9":{"start":{"line":11,"column":0},"end":{"line":11,"column":44}},"10":{"start":{"line":12,"column":0},"end":{"line":12,"column":60}},"11":{"start":{"line":13,"column":0},"end":{"line":13,"column":56}},"12":{"start":{"line":14,"column":0},"end":{"line":14,"column":60}},"13":{"start":{"line":15,"column":0},"end":{"line":15,"column":58}},"14":{"start":{"line":17,"column":12},"end":{"line":17,"column":21}},"15":{"start":{"line":20,"column":16},"end":{"line":35,"column":2}},"16":{"start":{"line":38,"column":14},"end":{"line":38,"column":35}},"17":{"start":{"line":41,"column":0},"end":{"line":41,"column":62}},"18":{"start":{"line":44,"column":0},"end":{"line":44,"column":18}},"19":{"start":{"line":47,"column":0},"end":{"line":47,"column":24}},"20":{"start":{"line":50,"column":22},"end":{"line":53,"column":1}},"21":{"start":{"line":51,"column":2},"end":{"line":51,"column":72}},"22":{"start":{"line":52,"column":2},"end":{"line":52,"column":9}},"23":{"start":{"line":50,"column":13},"end":{"line":50,"column":22}},"24":{"start":{"line":56,"column":0},"end":{"line":56,"column":28}},"25":{"start":{"line":59,"column":0},"end":{"line":59,"column":22}},"26":{"start":{"line":62,"column":0},"end":{"line":62,"column":22}},"27":{"start":{"line":65,"column":0},"end":{"line":65,"column":18}},"28":{"start":{"line":68,"column":20},"end":{"line":72,"column":2}},"29":{"start":{"line":75,"column":0},"end":{"line":75,"column":27}},"30":{"start":{"line":77,"column":0},"end":{"line":80,"column":3}},"31":{"start":{"line":79,"column":2},"end":{"line":79,"column":46}},"32":{"start":{"line":83,"column":0},"end":{"line":83,"column":28}},"33":{"start":{"line":84,"column":0},"end":{"line":84,"column":45}},"34":{"start":{"line":85,"column":0},"end":{"line":85,"column":42}},"35":{"start":{"line":88,"column":0},"end":{"line":90,"column":3}},"36":{"start":{"line":89,"column":2},"end":{"line":89,"column":32}},"37":{"start":{"line":93,"column":0},"end":{"line":95,"column":3}},"38":{"start":{"line":94,"column":2},"end":{"line":94,"column":84}},"39":{"start":{"line":98,"column":0},"end":{"line":105,"column":3}},"40":{"start":{"line":99,"column":2},"end":{"line":99,"column":27}},"41":{"start":{"line":100,"column":21},"end":{"line":100,"column":38}},"42":{"start":{"line":101,"column":2},"end":{"line":104,"column":5}},"43":{"start":{"line":107,"column":0},"end":{"line":107,"column":19}}},"fnMap":{"0":{"name":"(anonymous_1)","decl":{"start":{"line":50,"column":22},"end":{"line":50,"column":23}},"loc":{"start":{"line":50,"column":74},"end":{"line":53,"column":1}}},"1":{"name":"(anonymous_2)","decl":{"start":{"line":77,"column":25},"end":{"line":77,"column":26}},"loc":{"start":{"line":77,"column":44},"end":{"line":80,"column":1}}},"2":{"name":"(anonymous_3)","decl":{"start":{"line":88,"column":19},"end":{"line":88,"column":20}},"loc":{"start":{"line":88,"column":32},"end":{"line":90,"column":1}}},"3":{"name":"(anonymous_4)","decl":{"start":{"line":93,"column":13},"end":{"line":93,"column":14}},"loc":{"start":{"line":93,"column":51},"end":{"line":95,"column":1}}},"4":{"name":"(anonymous_5)","decl":{"start":{"line":98,"column":8},"end":{"line":98,"column":9}},"loc":{"start":{"line":98,"column":70},"end":{"line":105,"column":1}}}},"branchMap":{"0":{"loc":{"start":{"line":100,"column":21},"end":{"line":100,"column":38}},"type":"binary-expr","locations":[{"start":{"line":100,"column":21},"end":{"line":100,"column":31}},{"start":{"line":100,"column":35},"end":{"line":100,"column":38}}]},"1":{"loc":{"start":{"line":102,"column":13},"end":{"line":102,"column":51}},"type":"binary-expr","locations":[{"start":{"line":102,"column":13},"end":{"line":102,"column":24}},{"start":{"line":102,"column":28},"end":{"line":102,"column":51}}]},"2":{"loc":{"start":{"line":103,"column":13},"end":{"line":103,"column":30}},"type":"binary-expr","locations":[{"start":{"line":103,"column":13},"end":{"line":103,"column":24}},{"start":{"line":103,"column":28},"end":{"line":103,"column":30}}]}},"s":{"0":2,"1":2,"2":2,"3":2,"4":2,"5":2,"6":2,"7":2,"8":2,"9":2,"10":2,"11":2,"12":2,"13":2,"14":2,"15":2,"16":2,"17":2,"18":2,"19":2,"20":2,"21":0,"22":0,"23":2,"24":2,"25":2,"26":2,"27":2,"28":2,"29":2,"30":2,"31":0,"32":2,"33":2,"34":2,"35":2,"36":1,"37":2,"38":0,"39":2,"40":0,"41":0,"42":0,"43":2},"f":{"0":0,"1":0,"2":1,"3":0,"4":0},"b":{"0":[0,0],"1":[0,0],"2":[0,0]}}
,"C:\\Users\\Abc\\OneDrive\\Desktop\\TERM_3\\Back-End Development\\Assignments\\assignment_2\\Management_API\\src\\api\\v1\\controllers\\branchController.ts": {"path":"C:\\Users\\Abc\\OneDrive\\Desktop\\TERM_3\\Back-End Development\\Assignments\\assignment_2\\Management_API\\src\\api\\v1\\controllers\\branchController.ts","statementMap":{"0":{"start":{"line":4,"column":25},"end":{"line":4,"column":27}},"1":{"start":{"line":5,"column":16},"end":{"line":5,"column":17}},"2":{"start":{"line":8,"column":28},"end":{"line":17,"column":1}},"3":{"start":{"line":9,"column":2},"end":{"line":16,"column":3}},"4":{"start":{"line":10,"column":37},"end":{"line":10,"column":45}},"5":{"start":{"line":11,"column":30},"end":{"line":11,"column":71}},"6":{"start":{"line":12,"column":4},"end":{"line":12,"column":29}},"7":{"start":{"line":13,"column":4},"end":{"line":13,"column":36}},"8":{"start":{"line":15,"column":4},"end":{"line":15,"column":16}},"9":{"start":{"line":8,"column":13},"end":{"line":8,"column":28}},"10":{"start":{"line":20,"column":30},"end":{"line":26,"column":1}},"11":{"start":{"line":21,"column":2},"end":{"line":25,"column":3}},"12":{"start":{"line":22,"column":4},"end":{"line":22,"column":35}},"13":{"start":{"line":24,"column":4},"end":{"line":24,"column":16}},"14":{"start":{"line":20,"column":13},"end":{"line":20,"column":30}},"15":{"start":{"line":29,"column":29},"end":{"line":42,"column":1}},"16":{"start":{"line":30,"column":2},"end":{"line":41,"column":3}},"17":{"start":{"line":31,"column":19},"end":{"line":31,"column":29}},"18":{"start":{"line":32,"column":19},"end":{"line":32,"column":70}},"19":{"start":{"line":32,"column":43},"end":{"line":32,"column":69}},"20":{"start":{"line":34,"column":4},"end":{"line":38,"column":5}},"21":{"start":{"line":35,"column":6},"end":{"line":35,"column":35}},"22":{"start":{"line":37,"column":6},"end":{"line":37,"column":60}},"23":{"start":{"line":40,"column":4},"end":{"line":40,"column":16}},"24":{"start":{"line":29,"column":13},"end":{"line":29,"column":29}},"25":{"start":{"line":45,"column":28},"end":{"line":60,"column":1}},"26":{"start":{"line":46,"column":2},"end":{"line":59,"column":3}},"27":{"start":{"line":47,"column":19},"end":{"line":47,"column":29}},"28":{"start":{"line":48,"column":24},"end":{"line":48,"column":32}},"29":{"start":{"line":50,"column":17},"end":{"line":50,"column":68}},"30":{"start":{"line":50,"column":41},"end":{"line":50,"column":67}},"31":{"start":{"line":51,"column":4},"end":{"line":56,"column":5}},"32":{"start":{"line":52,"column":6},"end":{"line":52,"column":45}},"33":{"start":{"line":53,"column":6},"end":{"line":53,"column":35}},"34":{"start":{"line":55,"column":6},"end":{"line":55,"column":60}},"35":{"start":{"line":58,"column":4},"end":{"line":58,"column":16}},"36":{"start":{"line":45,"column":13},"end":{"line":45,"column":28}},"37":{"start":{"line":63,"column":28},"end":{"line":71,"column":1}},"38":{"start":{"line":64,"column":2},"end":{"line":70,"column":3}},"39":{"start":{"line":65,"column":19},"end":{"line":65,"column":29}},"40":{"start":{"line":66,"column":4},"end":{"line":66,"column":69}},"41":{"start":{"line":66,"column":41},"end":{"line":66,"column":67}},"42":{"start":{"line":67,"column":4},"end":{"line":67,"column":27}},"43":{"start":{"line":69,"column":4},"end":{"line":69,"column":16}},"44":{"start":{"line":63,"column":13},"end":{"line":63,"column":28}}},"fnMap":{"0":{"name":"(anonymous_0)","decl":{"start":{"line":8,"column":28},"end":{"line":8,"column":29}},"loc":{"start":{"line":8,"column":80},"end":{"line":17,"column":1}}},"1":{"name":"(anonymous_1)","decl":{"start":{"line":20,"column":30},"end":{"line":20,"column":31}},"loc":{"start":{"line":20,"column":82},"end":{"line":26,"column":1}}},"2":{"name":"(anonymous_2)","decl":{"start":{"line":29,"column":29},"end":{"line":29,"column":30}},"loc":{"start":{"line":29,"column":81},"end":{"line":42,"column":1}}},"3":{"name":"(anonymous_3)","decl":{"start":{"line":32,"column":33},"end":{"line":32,"column":39}},"loc":{"start":{"line":32,"column":43},"end":{"line":32,"column":69}}},"4":{"name":"(anonymous_4)","decl":{"start":{"line":45,"column":28},"end":{"line":45,"column":29}},"loc":{"start":{"line":45,"column":80},"end":{"line":60,"column":1}}},"5":{"name":"(anonymous_5)","decl":{"start":{"line":50,"column":31},"end":{"line":50,"column":37}},"loc":{"start":{"line":50,"column":41},"end":{"line":50,"column":67}}},"6":{"name":"(anonymous_6)","decl":{"start":{"line":63,"column":28},"end":{"line":63,"column":29}},"loc":{"start":{"line":63,"column":80},"end":{"line":71,"column":1}}},"7":{"name":"(anonymous_7)","decl":{"start":{"line":66,"column":31},"end":{"line":66,"column":37}},"loc":{"start":{"line":66,"column":41},"end":{"line":66,"column":67}}}},"branchMap":{"0":{"loc":{"start":{"line":34,"column":4},"end":{"line":38,"column":5}},"type":"if","locations":[{"start":{"line":34,"column":4},"end":{"line":38,"column":5}},{"start":{"line":36,"column":11},"end":{"line":38,"column":5}}]},"1":{"loc":{"start":{"line":51,"column":4},"end":{"line":56,"column":5}},"type":"if","locations":[{"start":{"line":51,"column":4},"end":{"line":56,"column":5}},{"start":{"line":54,"column":11},"end":{"line":56,"column":5}}]}},"s":{"0":2,"1":2,"2":2,"3":0,"4":0,"5":0,"6":0,"7":0,"8":0,"9":2,"10":2,"11":0,"12":0,"13":0,"14":2,"15":2,"16":0,"17":0,"18":0,"19":0,"20":0,"21":0,"22":0,"23":0,"24":2,"25":2,"26":0,"27":0,"28":0,"29":0,"30":0,"31":0,"32":0,"33":0,"34":0,"35":0,"36":2,"37":2,"38":0,"39":0,"40":0,"41":0,"42":0,"43":0,"44":2},"f":{"0":0,"1":0,"2":0,"3":0,"4":0,"5":0,"6":0,"7":0},"b":{"0":[0,0],"1":[0,0]}}
,"C:\\Users\\Abc\\OneDrive\\Desktop\\TERM_3\\Back-End Development\\Assignments\\assignment_2\\Management_API\\src\\api\\v1\\controllers\\employeeController.ts": {"path":"C:\\Users\\Abc\\OneDrive\\Desktop\\TERM_3\\Back-End Development\\Assignments\\assignment_2\\Management_API\\src\\api\\v1\\controllers\\employeeController.ts","statementMap":{"0":{"start":{"line":2,"column":0},"end":{"line":2,"column":63}},"1":{"start":{"line":6,"column":30},"end":{"line":13,"column":2}},"2":{"start":{"line":6,"column":88},"end":{"line":13,"column":2}},"3":{"start":{"line":7,"column":2},"end":{"line":12,"column":3}},"4":{"start":{"line":8,"column":21},"end":{"line":8,"column":67}},"5":{"start":{"line":9,"column":4},"end":{"line":9,"column":35}},"6":{"start":{"line":11,"column":4},"end":{"line":11,"column":16}},"7":{"start":{"line":6,"column":13},"end":{"line":6,"column":30}},"8":{"start":{"line":16,"column":31},"end":{"line":23,"column":2}},"9":{"start":{"line":16,"column":89},"end":{"line":23,"column":2}},"10":{"start":{"line":17,"column":2},"end":{"line":22,"column":3}},"11":{"start":{"line":18,"column":22},"end":{"line":18,"column":61}},"12":{"start":{"line":19,"column":4},"end":{"line":19,"column":36}},"13":{"start":{"line":21,"column":4},"end":{"line":21,"column":16}},"14":{"start":{"line":16,"column":13},"end":{"line":16,"column":31}},"15":{"start":{"line":26,"column":31},"end":{"line":37,"column":2}},"16":{"start":{"line":26,"column":89},"end":{"line":37,"column":2}},"17":{"start":{"line":27,"column":2},"end":{"line":36,"column":3}},"18":{"start":{"line":28,"column":21},"end":{"line":28,"column":84}},"19":{"start":{"line":29,"column":4},"end":{"line":33,"column":5}},"20":{"start":{"line":30,"column":6},"end":{"line":30,"column":37}},"21":{"start":{"line":32,"column":6},"end":{"line":32,"column":62}},"22":{"start":{"line":35,"column":4},"end":{"line":35,"column":16}},"23":{"start":{"line":26,"column":13},"end":{"line":26,"column":31}},"24":{"start":{"line":40,"column":30},"end":{"line":51,"column":2}},"25":{"start":{"line":40,"column":88},"end":{"line":51,"column":2}},"26":{"start":{"line":41,"column":2},"end":{"line":50,"column":3}},"27":{"start":{"line":42,"column":28},"end":{"line":42,"column":100}},"28":{"start":{"line":43,"column":4},"end":{"line":47,"column":5}},"29":{"start":{"line":44,"column":6},"end":{"line":44,"column":44}},"30":{"start":{"line":46,"column":6},"end":{"line":46,"column":62}},"31":{"start":{"line":49,"column":4},"end":{"line":49,"column":16}},"32":{"start":{"line":40,"column":13},"end":{"line":40,"column":30}},"33":{"start":{"line":54,"column":30},"end":{"line":61,"column":2}},"34":{"start":{"line":54,"column":88},"end":{"line":61,"column":2}},"35":{"start":{"line":55,"column":2},"end":{"line":60,"column":3}},"36":{"start":{"line":56,"column":4},"end":{"line":56,"column":67}},"37":{"start":{"line":57,"column":4},"end":{"line":57,"column":27}},"38":{"start":{"line":59,"column":4},"end":{"line":59,"column":16}},"39":{"start":{"line":54,"column":13},"end":{"line":54,"column":30}},"40":{"start":{"line":63,"column":30},"end":{"line":68,"column":2}},"41":{"start":{"line":71,"column":40},"end":{"line":81,"column":1}},"42":{"start":{"line":72,"column":23},"end":{"line":72,"column":33}},"43":{"start":{"line":73,"column":26},"end":{"line":73,"column":96}},"44":{"start":{"line":73,"column":55},"end":{"line":73,"column":95}},"45":{"start":{"line":75,"column":2},"end":{"line":80,"column":3}},"46":{"start":{"line":76,"column":4},"end":{"line":76,"column":42}},"47":{"start":{"line":79,"column":4},"end":{"line":79,"column":77}},"48":{"start":{"line":71,"column":13},"end":{"line":71,"column":40}},"49":{"start":{"line":84,"column":40},"end":{"line":94,"column":1}},"50":{"start":{"line":85,"column":25},"end":{"line":85,"column":35}},"51":{"start":{"line":86,"column":30},"end":{"line":86,"column":122}},"52":{"start":{"line":86,"column":59},"end":{"line":86,"column":121}},"53":{"start":{"line":88,"column":2},"end":{"line":93,"column":3}},"54":{"start":{"line":89,"column":4},"end":{"line":89,"column":46}},"55":{"start":{"line":92,"column":4},"end":{"line":92,"column":80}},"56":{"start":{"line":84,"column":13},"end":{"line":84,"column":40}}},"fnMap":{"0":{"name":"(anonymous_16)","decl":{"start":{"line":6,"column":30},"end":{"line":6,"column":37}},"loc":{"start":{"line":6,"column":88},"end":{"line":13,"column":2}}},"1":{"name":"(anonymous_17)","decl":{"start":{"line":6,"column":88},"end":{"line":6,"column":null}},"loc":{"start":{"line":6,"column":88},"end":{"line":13,"column":1}}},"2":{"name":"(anonymous_18)","decl":{"start":{"line":16,"column":31},"end":{"line":16,"column":38}},"loc":{"start":{"line":16,"column":89},"end":{"line":23,"column":2}}},"3":{"name":"(anonymous_19)","decl":{"start":{"line":16,"column":89},"end":{"line":16,"column":null}},"loc":{"start":{"line":16,"column":89},"end":{"line":23,"column":1}}},"4":{"name":"(anonymous_20)","decl":{"start":{"line":26,"column":31},"end":{"line":26,"column":38}},"loc":{"start":{"line":26,"column":89},"end":{"line":37,"column":2}}},"5":{"name":"(anonymous_21)","decl":{"start":{"line":26,"column":89},"end":{"line":26,"column":null}},"loc":{"start":{"line":26,"column":89},"end":{"line":37,"column":1}}},"6":{"name":"(anonymous_22)","decl":{"start":{"line":40,"column":30},"end":{"line":40,"column":37}},"loc":{"start":{"line":40,"column":88},"end":{"line":51,"column":2}}},"7":{"name":"(anonymous_23)","decl":{"start":{"line":40,"column":88},"end":{"line":40,"column":null}},"loc":{"start":{"line":40,"column":88},"end":{"line":51,"column":1}}},"8":{"name":"(anonymous_24)","decl":{"start":{"line":54,"column":30},"end":{"line":54,"column":37}},"loc":{"start":{"line":54,"column":88},"end":{"line":61,"column":2}}},"9":{"name":"(anonymous_25)","decl":{"start":{"line":54,"column":88},"end":{"line":54,"column":null}},"loc":{"start":{"line":54,"column":88},"end":{"line":61,"column":1}}},"10":{"name":"(anonymous_26)","decl":{"start":{"line":71,"column":40},"end":{"line":71,"column":41}},"loc":{"start":{"line":71,"column":92},"end":{"line":81,"column":1}}},"11":{"name":"(anonymous_27)","decl":{"start":{"line":73,"column":43},"end":{"line":73,"column":51}},"loc":{"start":{"line":73,"column":55},"end":{"line":73,"column":95}}},"12":{"name":"(anonymous_28)","decl":{"start":{"line":84,"column":40},"end":{"line":84,"column":41}},"loc":{"start":{"line":84,"column":92},"end":{"line":94,"column":1}}},"13":{"name":"(anonymous_29)","decl":{"start":{"line":86,"column":47},"end":{"line":86,"column":55}},"loc":{"start":{"line":86,"column":59},"end":{"line":86,"column":121}}}},"branchMap":{"0":{"loc":{"start":{"line":29,"column":4},"end":{"line":33,"column":5}},"type":"if","locations":[{"start":{"line":29,"column":4},"end":{"line":33,"column":5}},{"start":{"line":31,"column":11},"end":{"line":33,"column":5}}]},"1":{"loc":{"start":{"line":43,"column":4},"end":{"line":47,"column":5}},"type":"if","locations":[{"start":{"line":43,"column":4},"end":{"line":47,"column":5}},{"start":{"line":45,"column":11},"end":{"line":47,"column":5}}]},"2":{"loc":{"start":{"line":75,"column":2},"end":{"line":80,"column":3}},"type":"if","locations":[{"start":{"line":75,"column":2},"end":{"line":80,"column":3}},{"start":{"line":77,"column":9},"end":{"line":80,"column":3}}]},"3":{"loc":{"start":{"line":88,"column":2},"end":{"line":93,"column":3}},"type":"if","locations":[{"start":{"line":88,"column":2},"end":{"line":93,"column":3}},{"start":{"line":90,"column":9},"end":{"line":93,"column":3}}]}},"s":{"0":2,"1":2,"2":0,"3":0,"4":0,"5":0,"6":0,"7":2,"8":2,"9":0,"10":0,"11":0,"12":0,"13":0,"14":2,"15":2,"16":0,"17":0,"18":0,"19":0,"20":0,"21":0,"22":0,"23":2,"24":2,"25":0,"26":0,"27":0,"28":0,"29":0,"30":0,"31":0,"32":2,"33":2,"34":0,"35":0,"36":0,"37":0,"38":0,"39":2,"40":2,"41":2,"42":2,"43":2,"44":8,"45":2,"46":1,"47":1,"48":2,"49":2,"50":2,"51":2,"52":8,"53":2,"54":1,"55":1,"56":2},"f":{"0":0,"1":0,"2":0,"3":0,"4":0,"5":0,"6":0,"7":0,"8":0,"9":0,"10":2,"11":8,"12":2,"13":8},"b":{"0":[0,0],"1":[0,0],"2":[1,1],"3":[1,1]}}
,"C:\\Users\\Abc\\OneDrive\\Desktop\\TERM_3\\Back-End Development\\Assignments\\assignment_2\\Management_API\\src\\api\\v1\\errors\\errors.ts": {"path":"C:\\Users\\Abc\\OneDrive\\Desktop\\TERM_3\\Back-End Development\\Assignments\\assignment_2\\Management_API\\src\\api\\v1\\errors\\errors.ts","statementMap":{"0":{"start":{"line":3,"column":6},"end":{"line":3,"column":21}},"1":{"start":{"line":2,"column":40},"end":{"line":2,"column":64}},"2":{"start":{"line":4,"column":6},"end":{"line":4,"column":36}},"3":{"start":{"line":1,"column":0},"end":{"line":1,"column":13}},"4":{"start":{"line":10,"column":6},"end":{"line":10,"column":21}},"5":{"start":{"line":9,"column":40},"end":{"line":9,"column":64}},"6":{"start":{"line":11,"column":6},"end":{"line":11,"column":33}},"7":{"start":{"line":8,"column":2},"end":{"line":8,"column":15}}},"fnMap":{"0":{"name":"(anonymous_0)","decl":{"start":{"line":2,"column":4},"end":{"line":2,"column":16}},"loc":{"start":{"line":2,"column":69},"end":{"line":5,"column":5}}},"1":{"name":"(anonymous_1)","decl":{"start":{"line":9,"column":4},"end":{"line":9,"column":16}},"loc":{"start":{"line":9,"column":69},"end":{"line":12,"column":5}}}},"branchMap":{"0":{"loc":{"start":{"line":2,"column":40},"end":{"line":2,"column":69}},"type":"default-arg","locations":[{"start":{"line":2,"column":64},"end":{"line":2,"column":69}}]},"1":{"loc":{"start":{"line":9,"column":40},"end":{"line":9,"column":69}},"type":"default-arg","locations":[{"start":{"line":9,"column":64},"end":{"line":9,"column":69}}]}},"s":{"0":1,"1":1,"2":1,"3":3,"4":1,"5":1,"6":1,"7":3},"f":{"0":1,"1":1},"b":{"0":[1],"1":[1]}}
,"C:\\Users\\Abc\\OneDrive\\Desktop\\TERM_3\\Back-End Development\\Assignments\\assignment_2\\Management_API\\src\\api\\v1\\middleware\\errorHandler.ts": {"path":"C:\\Users\\Abc\\OneDrive\\Desktop\\TERM_3\\Back-End Development\\Assignments\\assignment_2\\Management_API\\src\\api\\v1\\middleware\\errorHandler.ts","statementMap":{"0":{"start":{"line":2,"column":0},"end":{"line":2,"column":28}},"1":{"start":{"line":3,"column":0},"end":{"line":3,"column":20}},"2":{"start":{"line":4,"column":0},"end":{"line":4,"column":24}},"3":{"start":{"line":5,"column":0},"end":{"line":5,"column":65}},"4":{"start":{"line":6,"column":0},"end":{"line":6,"column":56}},"5":{"start":{"line":14,"column":23},"end":{"line":17,"column":2}},"6":{"start":{"line":20,"column":20},"end":{"line":20,"column":66}},"7":{"start":{"line":22,"column":21},"end":{"line":39,"column":1}},"8":{"start":{"line":29,"column":2},"end":{"line":29,"column":34}},"9":{"start":{"line":30,"column":2},"end":{"line":30,"column":21}},"10":{"start":{"line":33,"column":2},"end":{"line":38,"column":3}},"11":{"start":{"line":34,"column":4},"end":{"line":34,"column":63}},"12":{"start":{"line":37,"column":4},"end":{"line":37,"column":72}},"13":{"start":{"line":41,"column":0},"end":{"line":41,"column":28}}},"fnMap":{"0":{"name":"(anonymous_1)","decl":{"start":{"line":22,"column":21},"end":{"line":22,"column":null}},"loc":{"start":{"line":27,"column":10},"end":{"line":39,"column":1}}},"1":{"name":"(anonymous_2)","decl":{"start":{"line":29,"column":24},"end":{"line":29,"column":27}},"loc":{"start":{"line":29,"column":29},"end":{"line":29,"column":32}}}},"branchMap":{"0":{"loc":{"start":{"line":33,"column":2},"end":{"line":38,"column":3}},"type":"if","locations":[{"start":{"line":33,"column":2},"end":{"line":38,"column":3}},{"start":{"line":35,"column":9},"end":{"line":38,"column":3}}]},"1":{"loc":{"start":{"line":33,"column":6},"end":{"line":33,"column":67}},"type":"binary-expr","locations":[{"start":{"line":33,"column":6},"end":{"line":33,"column":36}},{"start":{"line":33,"column":40},"end":{"line":33,"column":67}}]}},"s":{"0":3,"1":3,"2":3,"3":3,"4":3,"5":3,"6":3,"7":3,"8":3,"9":3,"10":3,"11":2,"12":1,"13":3},"f":{"0":3,"1":3},"b":{"0":[2,1],"1":[3,2]}}
,"C:\\Users\\Abc\\OneDrive\\Desktop\\TERM_3\\Back-End Development\\Assignments\\assignment_2\\Management_API\\src\\api\\v1\\middleware\\logger.ts": {"path":"C:\\Users\\Abc\\OneDrive\\Desktop\\TERM_3\\Back-End Development\\Assignments\\assignment_2\\Management_API\\src\\api\\v1\\middleware\\logger.ts","statementMap":{"0":{"start":{"line":1,"column":0},"end":{"line":1,"column":47}},"1":{"start":{"line":2,"column":0},"end":{"line":2,"column":20}},"2":{"start":{"line":3,"column":0},"end":{"line":3,"column":24}},"3":{"start":{"line":6,"column":21},"end":{"line":6,"column":58}},"4":{"start":{"line":7,"column":0},"end":{"line":9,"column":1}},"5":{"start":{"line":8,"column":2},"end":{"line":8,"column":50}},"6":{"start":{"line":12,"column":24},"end":{"line":12,"column":99}},"7":{"start":{"line":15,"column":38},"end":{"line":17,"column":2}},"8":{"start":{"line":16,"column":22},"end":{"line":16,"column":86}},"9":{"start":{"line":20,"column":21},"end":{"line":20,"column":68}},"10":{"start":{"line":25,"column":9},"end":{"line":25,"column":21}},"11":{"start":{"line":23,"column":20},"end":{"line":23,"column":66}},"12":{"start":{"line":25,"column":23},"end":{"line":25,"column":34}}},"fnMap":{"0":{"name":"(anonymous_1)","decl":{"start":{"line":16,"column":9},"end":{"line":16,"column":10}},"loc":{"start":{"line":16,"column":22},"end":{"line":16,"column":86}}}},"branchMap":{"0":{"loc":{"start":{"line":7,"column":0},"end":{"line":9,"column":1}},"type":"if","locations":[{"start":{"line":7,"column":0},"end":{"line":9,"column":1}}]}},"s":{"0":2,"1":2,"2":2,"3":2,"4":2,"5":0,"6":2,"7":2,"8":0,"9":2,"10":2,"11":2,"12":2},"f":{"0":0},"b":{"0":[0]}}
,"C:\\Users\\Abc\\OneDrive\\Desktop\\TERM_3\\Back-End Development\\Assignments\\assignment_2\\Management_API\\src\\api\\v1\\middleware\\validateRequest.ts": {"path":"C:\\Users\\Abc\\OneDrive\\Desktop\\TERM_3\\Back-End Development\\Assignments\\assignment_2\\Management_API\\src\\api\\v1\\middleware\\validateRequest.ts","statementMap":{"0":{"start":{"line":2,"column":0},"end":{"line":2,"column":55}},"1":{"start":{"line":3,"column":0},"end":{"line":3,"column":55}},"2":{"start":{"line":5,"column":31},"end":{"line":15,"column":1}},"3":{"start":{"line":6,"column":20},"end":{"line":6,"column":53}},"4":{"start":{"line":7,"column":2},"end":{"line":13,"column":3}},"5":{"start":{"line":8,"column":4},"end":{"line":11,"column":7}},"6":{"start":{"line":12,"column":4},"end":{"line":12,"column":11}},"7":{"start":{"line":14,"column":2},"end":{"line":14,"column":9}},"8":{"start":{"line":5,"column":13},"end":{"line":5,"column":31}},"9":{"start":{"line":17,"column":34},"end":{"line":27,"column":1}},"10":{"start":{"line":18,"column":20},"end":{"line":18,"column":51}},"11":{"start":{"line":19,"column":2},"end":{"line":25,"column":3}},"12":{"start":{"line":20,"column":4},"end":{"line":23,"column":7}},"13":{"start":{"line":24,"column":4},"end":{"line":24,"column":11}},"14":{"start":{"line":26,"column":2},"end":{"line":26,"column":9}},"15":{"start":{"line":17,"column":13},"end":{"line":17,"column":34}}},"fnMap":{"0":{"name":"(anonymous_1)","decl":{"start":{"line":5,"column":31},"end":{"line":5,"column":32}},"loc":{"start":{"line":5,"column":89},"end":{"line":15,"column":1}}},"1":{"name":"(anonymous_2)","decl":{"start":{"line":17,"column":34},"end":{"line":17,"column":35}},"loc":{"start":{"line":17,"column":86},"end":{"line":27,"column":1}}}},"branchMap":{"0":{"loc":{"start":{"line":7,"column":2},"end":{"line":13,"column":3}},"type":"if","locations":[{"start":{"line":7,"column":2},"end":{"line":13,"column":3}}]},"1":{"loc":{"start":{"line":19,"column":2},"end":{"line":25,"column":3}},"type":"if","locations":[{"start":{"line":19,"column":2},"end":{"line":25,"column":3}}]}},"s":{"0":4,"1":4,"2":4,"3":5,"4":5,"5":3,"6":3,"7":2,"8":4,"9":4,"10":8,"11":8,"12":5,"13":5,"14":3,"15":4},"f":{"0":5,"1":8},"b":{"0":[3],"1":[5]}}
,"C:\\Users\\Abc\\OneDrive\\Desktop\\TERM_3\\Back-End Development\\Assignments\\assignment_2\\Management_API\\src\\api\\v1\\models\\employeeGroup.ts": {"path":"C:\\Users\\Abc\\OneDrive\\Desktop\\TERM_3\\Back-End Development\\Assignments\\assignment_2\\Management_API\\src\\api\\v1\\models\\employeeGroup.ts","statementMap":{"0":{"start":{"line":13,"column":31},"end":{"line":15,"column":3}},"1":{"start":{"line":14,"column":4},"end":{"line":14,"column":29}},"2":{"start":{"line":13,"column":15},"end":{"line":13,"column":31}}},"fnMap":{"0":{"name":"(anonymous_0)","decl":{"start":{"line":13,"column":31},"end":{"line":13,"column":32}},"loc":{"start":{"line":13,"column":75},"end":{"line":15,"column":3}}}},"branchMap":{},"s":{"0":3,"1":3,"2":3},"f":{"0":3},"b":{}}
,"C:\\Users\\Abc\\OneDrive\\Desktop\\TERM_3\\Back-End Development\\Assignments\\assignment_2\\Management_API\\src\\api\\v1\\routes\\branchRoutes.ts": {"path":"C:\\Users\\Abc\\OneDrive\\Desktop\\TERM_3\\Back-End Development\\Assignments\\assignment_2\\Management_API\\src\\api\\v1\\routes\\branchRoutes.ts","statementMap":{"0":{"start":{"line":1,"column":0},"end":{"line":1,"column":33}},"1":{"start":{"line":2,"column":0},"end":{"line":2,"column":122}},"2":{"start":{"line":3,"column":0},"end":{"line":3,"column":64}},"3":{"start":{"line":5,"column":23},"end":{"line":5,"column":31}},"4":{"start":{"line":37,"column":0},"end":{"line":37,"column":48}},"5":{"start":{"line":62,"column":0},"end":{"line":62,"column":32}},"6":{"start":{"line":91,"column":0},"end":{"line":91,"column":34}},"7":{"start":{"line":129,"column":0},"end":{"line":129,"column":50}},"8":{"start":{"line":151,"column":0},"end":{"line":151,"column":36}},"9":{"start":{"line":153,"column":0},"end":{"line":153,"column":22}}},"fnMap":{},"branchMap":{},"s":{"0":2,"1":2,"2":2,"3":2,"4":2,"5":2,"6":2,"7":2,"8":2,"9":2},"f":{},"b":{}}
,"C:\\Users\\Abc\\OneDrive\\Desktop\\TERM_3\\Back-End Development\\Assignments\\assignment_2\\Management_API\\src\\api\\v1\\routes\\employeeRoutes.ts": {"path":"C:\\Users\\Abc\\OneDrive\\Desktop\\TERM_3\\Back-End Development\\Assignments\\assignment_2\\Management_API\\src\\api\\v1\\routes\\employeeRoutes.ts","statementMap":{"0":{"start":{"line":1,"column":0},"end":{"line":1,"column":30}},"1":{"start":{"line":2,"column":0},"end":{"line":2,"column":103}},"2":{"start":{"line":3,"column":15},"end":{"line":3,"column":31}},"3":{"start":{"line":4,"column":0},"end":{"line":4,"column":64}},"4":{"start":{"line":18,"column":28},"end":{"line":18,"column":30}},"5":{"start":{"line":19,"column":16},"end":{"line":19,"column":17}},"6":{"start":{"line":49,"column":0},"end":{"line":51,"column":3}},"7":{"start":{"line":49,"column":35},"end":{"line":51,"column":2}},"8":{"start":{"line":50,"column":2},"end":{"line":50,"column":34}},"9":{"start":{"line":99,"column":0},"end":{"line":107,"column":3}},"10":{"start":{"line":99,"column":53},"end":{"line":107,"column":2}},"11":{"start":{"line":100,"column":19},"end":{"line":102,"column":null}},"12":{"start":{"line":105,"column":2},"end":{"line":105,"column":30}},"13":{"start":{"line":106,"column":2},"end":{"line":106,"column":36}},"14":{"start":{"line":139,"column":0},"end":{"line":148,"column":3}},"15":{"start":{"line":139,"column":38},"end":{"line":148,"column":2}},"16":{"start":{"line":140,"column":17},"end":{"line":140,"column":27}},"17":{"start":{"line":141,"column":19},"end":{"line":141,"column":65}},"18":{"start":{"line":141,"column":41},"end":{"line":141,"column":64}},"19":{"start":{"line":143,"column":2},"end":{"line":147,"column":3}},"20":{"start":{"line":144,"column":4},"end":{"line":144,"column":35}},"21":{"start":{"line":146,"column":4},"end":{"line":146,"column":60}},"22":{"start":{"line":189,"column":0},"end":{"line":200,"column":3}},"23":{"start":{"line":189,"column":56},"end":{"line":200,"column":2}},"24":{"start":{"line":190,"column":17},"end":{"line":190,"column":27}},"25":{"start":{"line":191,"column":22},"end":{"line":191,"column":30}},"26":{"start":{"line":193,"column":17},"end":{"line":193,"column":63}},"27":{"start":{"line":193,"column":39},"end":{"line":193,"column":62}},"28":{"start":{"line":194,"column":2},"end":{"line":199,"column":3}},"29":{"start":{"line":195,"column":4},"end":{"line":195,"column":47}},"30":{"start":{"line":196,"column":4},"end":{"line":196,"column":35}},"31":{"start":{"line":198,"column":4},"end":{"line":198,"column":60}},"32":{"start":{"line":222,"column":0},"end":{"line":226,"column":3}},"33":{"start":{"line":222,"column":41},"end":{"line":226,"column":2}},"34":{"start":{"line":223,"column":17},"end":{"line":223,"column":27}},"35":{"start":{"line":224,"column":2},"end":{"line":224,"column":63}},"36":{"start":{"line":224,"column":38},"end":{"line":224,"column":61}},"37":{"start":{"line":225,"column":2},"end":{"line":225,"column":25}},"38":{"start":{"line":246,"column":0},"end":{"line":246,"column":58}},"39":{"start":{"line":266,"column":0},"end":{"line":266,"column":64}},"40":{"start":{"line":268,"column":0},"end":{"line":268,"column":22}}},"fnMap":{"0":{"name":"(anonymous_8)","decl":{"start":{"line":49,"column":16},"end":{"line":49,"column":23}},"loc":{"start":{"line":49,"column":35},"end":{"line":51,"column":2}}},"1":{"name":"(anonymous_9)","decl":{"start":{"line":49,"column":35},"end":{"line":49,"column":null}},"loc":{"start":{"line":49,"column":35},"end":{"line":51,"column":1}}},"2":{"name":"(anonymous_10)","decl":{"start":{"line":99,"column":34},"end":{"line":99,"column":41}},"loc":{"start":{"line":99,"column":53},"end":{"line":107,"column":2}}},"3":{"name":"(anonymous_11)","decl":{"start":{"line":99,"column":53},"end":{"line":99,"column":null}},"loc":{"start":{"line":99,"column":53},"end":{"line":107,"column":1}}},"4":{"name":"(anonymous_12)","decl":{"start":{"line":139,"column":19},"end":{"line":139,"column":26}},"loc":{"start":{"line":139,"column":38},"end":{"line":148,"column":2}}},"5":{"name":"(anonymous_13)","decl":{"start":{"line":139,"column":38},"end":{"line":139,"column":null}},"loc":{"start":{"line":139,"column":38},"end":{"line":148,"column":1}}},"6":{"name":"(anonymous_14)","decl":{"start":{"line":141,"column":34},"end":{"line":141,"column":37}},"loc":{"start":{"line":141,"column":41},"end":{"line":141,"column":64}}},"7":{"name":"(anonymous_15)","decl":{"start":{"line":189,"column":37},"end":{"line":189,"column":44}},"loc":{"start":{"line":189,"column":56},"end":{"line":200,"column":2}}},"8":{"name":"(anonymous_16)","decl":{"start":{"line":189,"column":56},"end":{"line":189,"column":null}},"loc":{"start":{"line":189,"column":56},"end":{"line":200,"column":1}}},"9":{"name":"(anonymous_17)","decl":{"start":{"line":193,"column":32},"end":{"line":193,"column":35}},"loc":{"start":{"line":193,"column":39},"end":{"line":193,"column":62}}},"10":{"name":"(anonymous_18)","decl":{"start":{"line":222,"column":22},"end":{"line":222,"column":29}},"loc":{"start":{"line":222,"column":41},"end":{"line":226,"column":2}}},"11":{"name":"(anonymous_19)","decl":{"start":{"line":222,"column":41},"end":{"line":222,"column":null}},"loc":{"start":{"line":222,"column":41},"end":{"line":226,"column":1}}},"12":{"name":"(anonymous_20)","decl":{"start":{"line":224,"column":31},"end":{"line":224,"column":34}},"loc":{"start":{"line":224,"column":38},"end":{"line":224,"column":61}}}},"branchMap":{"0":{"loc":{"start":{"line":143,"column":2},"end":{"line":147,"column":3}},"type":"if","locations":[{"start":{"line":143,"column":2},"end":{"line":147,"column":3}},{"start":{"line":145,"column":9},"end":{"line":147,"column":3}}]},"1":{"loc":{"start":{"line":194,"column":2},"end":{"line":199,"column":3}},"type":"if","locations":[{"start":{"line":194,"column":2},"end":{"line":199,"column":3}},{"start":{"line":197,"column":9},"end":{"line":199,"column":3}}]}},"s":{"0":2,"1":2,"2":2,"3":2,"4":2,"5":2,"6":2,"7":0,"8":0,"9":2,"10":1,"11":1,"12":1,"13":1,"14":2,"15":0,"16":0,"17":0,"18":0,"19":0,"20":0,"21":0,"22":2,"23":1,"24":1,"25":1,"26":1,"27":1,"28":1,"29":1,"30":1,"31":0,"32":2,"33":1,"34":1,"35":1,"36":1,"37":1,"38":2,"39":2,"40":2},"f":{"0":0,"1":0,"2":1,"3":1,"4":0,"5":0,"6":0,"7":1,"8":1,"9":1,"10":1,"11":1,"12":1},"b":{"0":[0,0],"1":[1,0]}}
,"C:\\Users\\Abc\\OneDrive\\Desktop\\TERM_3\\Back-End Development\\Assignments\\assignment_2\\Management_API\\src\\api\\v1\\routes\\health.ts": {"path":"C:\\Users\\Abc\\OneDrive\\Desktop\\TERM_3\\Back-End Development\\Assignments\\assignment_2\\Management_API\\src\\api\\v1\\routes\\health.ts","statementMap":{"0":{"start":{"line":1,"column":0},"end":{"line":1,"column":53}},"1":{"start":{"line":3,"column":15},"end":{"line":3,"column":31}},"2":{"start":{"line":27,"column":0},"end":{"line":30,"column":3}},"3":{"start":{"line":29,"column":2},"end":{"line":29,"column":57}},"4":{"start":{"line":32,"column":0},"end":{"line":32,"column":22}}},"fnMap":{"0":{"name":"(anonymous_1)","decl":{"start":{"line":27,"column":22},"end":{"line":27,"column":23}},"loc":{"start":{"line":27,"column":54},"end":{"line":30,"column":1}}}},"branchMap":{},"s":{"0":2,"1":2,"2":2,"3":0,"4":2},"f":{"0":0},"b":{}}
,"C:\\Users\\Abc\\OneDrive\\Desktop\\TERM_3\\Back-End Development\\Assignments\\assignment_2\\Management_API\\src\\api\\v1\\schemas\\branchSchema.ts": {"path":"C:\\Users\\Abc\\OneDrive\\Desktop\\TERM_3\\Back-End Development\\Assignments\\assignment_2\\Management_API\\src\\api\\v1\\schemas\\branchSchema.ts","statementMap":{"0":{"start":{"line":1,"column":0},"end":{"line":1,"column":22}},"1":{"start":{"line":3,"column":13},"end":{"line":29,"column":3}}},"fnMap":{},"branchMap":{},"s":{"0":4,"1":4},"f":{},"b":{}}
,"C:\\Users\\Abc\\OneDrive\\Desktop\\TERM_3\\Back-End Development\\Assignments\\assignment_2\\Management_API\\src\\api\\v1\\schemas\\employeeSchema.ts": {"path":"C:\\Users\\Abc\\OneDrive\\Desktop\\TERM_3\\Back-End Development\\Assignments\\assignment_2\\Management_API\\src\\api\\v1\\schemas\\employeeSchema.ts","statementMap":{"0":{"start":{"line":1,"column":0},"end":{"line":1,"column":22}},"1":{"start":{"line":3,"column":23},"end":{"line":38,"column":2}},"2":{"start":{"line":40,"column":0},"end":{"line":40,"column":30}}},"fnMap":{},"branchMap":{},"s":{"0":4,"1":4,"2":4},"f":{},"b":{}}
,"C:\\Users\\Abc\\OneDrive\\Desktop\\TERM_3\\Back-End Development\\Assignments\\assignment_2\\Management_API\\src\\api\\v1\\services\\employeeService.ts": {"path":"C:\\Users\\Abc\\OneDrive\\Desktop\\TERM_3\\Back-End Development\\Assignments\\assignment_2\\Management_API\\src\\api\\v1\\services\\employeeService.ts","statementMap":{"0":{"start":{"line":76,"column":0},"end":{"line":76,"column":16}},"1":{"start":{"line":79,"column":0},"end":{"line":79,"column":16}},"2":{"start":{"line":4,"column":30},"end":{"line":41,"column":2}},"3":{"start":{"line":44,"column":30},"end":{"line":51,"column":1}},"4":{"start":{"line":45,"column":2},"end":{"line":47,"column":3}},"5":{"start":{"line":46,"column":4},"end":{"line":46,"column":49}},"6":{"start":{"line":50,"column":2},"end":{"line":50,"column":18}},"7":{"start":{"line":44,"column":13},"end":{"line":44,"column":30}},"8":{"start":{"line":53,"column":31},"end":{"line":55,"column":1}},"9":{"start":{"line":54,"column":2},"end":{"line":54,"column":19}},"10":{"start":{"line":53,"column":13},"end":{"line":53,"column":31}},"11":{"start":{"line":57,"column":31},"end":{"line":61,"column":1}},"12":{"start":{"line":58,"column":19},"end":{"line":58,"column":53}},"13":{"start":{"line":58,"column":41},"end":{"line":58,"column":52}},"14":{"start":{"line":59,"column":2},"end":{"line":59,"column":55}},"15":{"start":{"line":59,"column":17},"end":{"line":59,"column":55}},"16":{"start":{"line":60,"column":2},"end":{"line":60,"column":18}},"17":{"start":{"line":57,"column":13},"end":{"line":57,"column":31}},"18":{"start":{"line":63,"column":30},"end":{"line":68,"column":1}},"19":{"start":{"line":64,"column":19},"end":{"line":64,"column":53}},"20":{"start":{"line":64,"column":41},"end":{"line":64,"column":52}},"21":{"start":{"line":65,"column":2},"end":{"line":65,"column":55}},"22":{"start":{"line":65,"column":17},"end":{"line":65,"column":55}},"23":{"start":{"line":66,"column":2},"end":{"line":66,"column":39}},"24":{"start":{"line":67,"column":2},"end":{"line":67,"column":18}},"25":{"start":{"line":63,"column":13},"end":{"line":63,"column":30}},"26":{"start":{"line":70,"column":30},"end":{"line":74,"column":1}},"27":{"start":{"line":71,"column":16},"end":{"line":71,"column":55}},"28":{"start":{"line":71,"column":43},"end":{"line":71,"column":54}},"29":{"start":{"line":72,"column":2},"end":{"line":72,"column":58}},"30":{"start":{"line":72,"column":20},"end":{"line":72,"column":58}},"31":{"start":{"line":73,"column":2},"end":{"line":73,"column":29}},"32":{"start":{"line":70,"column":13},"end":{"line":70,"column":30}},"33":{"start":{"line":77,"column":2},"end":{"line":77,"column":47}},"34":{"start":{"line":80,"column":2},"end":{"line":80,"column":47}}},"fnMap":{"0":{"name":"(anonymous_0)","decl":{"start":{"line":44,"column":30},"end":{"line":44,"column":31}},"loc":{"start":{"line":44,"column":63},"end":{"line":51,"column":1}}},"1":{"name":"(anonymous_1)","decl":{"start":{"line":53,"column":31},"end":{"line":53,"column":34}},"loc":{"start":{"line":53,"column":36},"end":{"line":55,"column":1}}},"2":{"name":"(anonymous_2)","decl":{"start":{"line":57,"column":31},"end":{"line":57,"column":32}},"loc":{"start":{"line":57,"column":46},"end":{"line":61,"column":1}}},"3":{"name":"(anonymous_3)","decl":{"start":{"line":58,"column":34},"end":{"line":58,"column":35}},"loc":{"start":{"line":58,"column":41},"end":{"line":58,"column":52}}},"4":{"name":"(anonymous_4)","decl":{"start":{"line":63,"column":30},"end":{"line":63,"column":31}},"loc":{"start":{"line":63,"column":77},"end":{"line":68,"column":1}}},"5":{"name":"(anonymous_5)","decl":{"start":{"line":64,"column":34},"end":{"line":64,"column":35}},"loc":{"start":{"line":64,"column":41},"end":{"line":64,"column":52}}},"6":{"name":"(anonymous_6)","decl":{"start":{"line":70,"column":30},"end":{"line":70,"column":31}},"loc":{"start":{"line":70,"column":45},"end":{"line":74,"column":1}}},"7":{"name":"(anonymous_7)","decl":{"start":{"line":71,"column":36},"end":{"line":71,"column":37}},"loc":{"start":{"line":71,"column":43},"end":{"line":71,"column":54}}},"8":{"name":"getEmployeesByBranch","decl":{"start":{"line":76,"column":16},"end":{"line":76,"column":36}},"loc":{"start":{"line":76,"column":49},"end":{"line":78,"column":1}}},"9":{"name":"getEmployeesByDepartment","decl":{"start":{"line":79,"column":16},"end":{"line":79,"column":40}},"loc":{"start":{"line":79,"column":59},"end":{"line":81,"column":1}}}},"branchMap":{"0":{"loc":{"start":{"line":45,"column":2},"end":{"line":47,"column":3}},"type":"if","locations":[{"start":{"line":45,"column":2},"end":{"line":47,"column":3}}]},"1":{"loc":{"start":{"line":45,"column":6},"end":{"line":45,"column":55}},"type":"binary-expr","locations":[{"start":{"line":45,"column":6},"end":{"line":45,"column":18}},{"start":{"line":45,"column":22},"end":{"line":45,"column":36}},{"start":{"line":45,"column":40},"end":{"line":45,"column":55}}]},"2":{"loc":{"start":{"line":59,"column":2},"end":{"line":59,"column":55}},"type":"if","locations":[{"start":{"line":59,"column":2},"end":{"line":59,"column":55}}]},"3":{"loc":{"start":{"line":65,"column":2},"end":{"line":65,"column":55}},"type":"if","locations":[{"start":{"line":65,"column":2},"end":{"line":65,"column":55}}]},"4":{"loc":{"start":{"line":72,"column":2},"end":{"line":72,"column":58}},"type":"if","locations":[{"start":{"line":72,"column":2},"end":{"line":72,"column":58}}]}},"s":{"0":3,"1":3,"2":3,"3":3,"4":1,"5":1,"6":0,"7":3,"8":3,"9":0,"10":3,"11":3,"12":1,"13":4,"14":1,"15":1,"16":0,"17":3,"18":3,"19":1,"20":4,"21":1,"22":1,"23":0,"24":0,"25":3,"26":3,"27":1,"28":4,"29":1,"30":1,"31":0,"32":3,"33":0,"34":0},"f":{"0":1,"1":0,"2":1,"3":4,"4":1,"5":4,"6":1,"7":4,"8":0,"9":0},"b":{"0":[1],"1":[1,0,0],"2":[1],"3":[1],"4":[1]}}
}
