TN:
SF:config\swagger.ts
FN:5,(anonymous_1)
FNF:1
FNH:1
FNDA:2,(anonymous_1)
DA:1,2
DA:3,2
DA:5,2
DA:6,2
DA:7,2
DA:10,2
LF:6
LH:6
BRF:0
BRH:0
end_of_record
TN:
SF:config\swaggerOptions.ts
FN:37,(anonymous_1)
FNF:1
FNH:1
FNDA:2,(anonymous_1)
DA:1,2
DA:3,2
DA:37,2
DA:38,2
LF:4
LH:4
BRF:0
BRH:0
end_of_record
TN:
SF:src\app.ts
FN:50,(anonymous_1)
FN:77,(anonymous_2)
FN:88,(anonymous_3)
FN:93,(anonymous_4)
FN:98,(anonymous_5)
FNF:5
FNH:1
FNDA:0,(anonymous_1)
FNDA:0,(anonymous_2)
FNDA:1,(anonymous_3)
FNDA:0,(anonymous_4)
FNDA:0,(anonymous_5)
DA:1,2
DA:3,2
DA:4,2
DA:5,2
DA:6,2
DA:7,2
DA:8,2
DA:9,2
DA:10,2
DA:11,2
DA:12,2
DA:13,2
DA:14,2
DA:15,2
DA:17,2
DA:20,2
DA:38,2
DA:41,2
DA:44,2
DA:47,2
DA:50,2
DA:51,0
DA:52,0
DA:56,2
DA:59,2
DA:62,2
DA:65,2
DA:68,2
DA:75,2
DA:77,2
DA:79,0
DA:83,2
DA:84,2
DA:85,2
DA:88,2
DA:89,1
DA:93,2
DA:94,0
DA:98,2
DA:99,0
DA:100,0
DA:101,0
DA:107,2
LF:43
LH:36
BRDA:100,0,0,0
BRDA:100,0,1,0
BRDA:102,1,0,0
BRDA:102,1,1,0
BRDA:103,2,0,0
BRDA:103,2,1,0
BRF:6
BRH:0
end_of_record
TN:
SF:src\api\v1\controllers\branchController.ts
FN:8,(anonymous_0)
FN:20,(anonymous_1)
FN:29,(anonymous_2)
FN:32,(anonymous_3)
FN:45,(anonymous_4)
FN:50,(anonymous_5)
FN:63,(anonymous_6)
FN:66,(anonymous_7)
FNF:8
FNH:0
FNDA:0,(anonymous_0)
FNDA:0,(anonymous_1)
FNDA:0,(anonymous_2)
FNDA:0,(anonymous_3)
FNDA:0,(anonymous_4)
FNDA:0,(anonymous_5)
FNDA:0,(anonymous_6)
FNDA:0,(anonymous_7)
DA:4,2
DA:5,2
DA:8,2
DA:9,0
DA:10,0
DA:11,0
DA:12,0
DA:13,0
DA:15,0
DA:20,2
DA:21,0
DA:22,0
DA:24,0
DA:29,2
DA:30,0
DA:31,0
DA:32,0
DA:34,0
DA:35,0
DA:37,0
DA:40,0
DA:45,2
DA:46,0
DA:47,0
DA:48,0
DA:50,0
DA:51,0
DA:52,0
DA:53,0
DA:55,0
DA:58,0
DA:63,2
DA:64,0
DA:65,0
DA:66,0
DA:67,0
DA:69,0
LF:37
LH:7
BRDA:34,0,0,0
BRDA:34,0,1,0
BRDA:51,1,0,0
BRDA:51,1,1,0
BRF:4
BRH:0
end_of_record
TN:
SF:src\api\v1\controllers\employeeController.ts
FN:6,(anonymous_16)
FN:6,(anonymous_17)
FN:16,(anonymous_18)
FN:16,(anonymous_19)
FN:26,(anonymous_20)
FN:26,(anonymous_21)
FN:40,(anonymous_22)
FN:40,(anonymous_23)
FN:54,(anonymous_24)
FN:54,(anonymous_25)
FN:71,(anonymous_26)
FN:73,(anonymous_27)
FN:84,(anonymous_28)
FN:86,(anonymous_29)
FNF:14
FNH:4
FNDA:0,(anonymous_16)
FNDA:0,(anonymous_17)
FNDA:0,(anonymous_18)
FNDA:0,(anonymous_19)
FNDA:0,(anonymous_20)
FNDA:0,(anonymous_21)
FNDA:0,(anonymous_22)
FNDA:0,(anonymous_23)
FNDA:0,(anonymous_24)
FNDA:0,(anonymous_25)
FNDA:2,(anonymous_26)
FNDA:8,(anonymous_27)
FNDA:2,(anonymous_28)
FNDA:8,(anonymous_29)
DA:2,2
DA:6,2
DA:7,0
DA:8,0
DA:9,0
DA:11,0
DA:16,2
DA:17,0
DA:18,0
DA:19,0
DA:21,0
DA:26,2
DA:27,0
DA:28,0
DA:29,0
DA:30,0
DA:32,0
DA:35,0
DA:40,2
DA:41,0
DA:42,0
DA:43,0
DA:44,0
DA:46,0
DA:49,0
DA:54,2
DA:55,0
DA:56,0
DA:57,0
DA:59,0
DA:63,2
DA:71,2
DA:72,2
DA:73,8
DA:75,2
DA:76,1
DA:79,1
DA:84,2
DA:85,2
DA:86,8
DA:88,2
DA:89,1
DA:92,1
LF:43
LH:19
BRDA:29,0,0,0
BRDA:29,0,1,0
BRDA:43,1,0,0
BRDA:43,1,1,0
BRDA:75,2,0,1
BRDA:75,2,1,1
BRDA:88,3,0,1
BRDA:88,3,1,1
BRF:8
BRH:4
end_of_record
TN:
SF:src\api\v1\errors\errors.ts
FN:2,(anonymous_0)
FN:9,(anonymous_1)
FNF:2
FNH:2
FNDA:1,(anonymous_0)
FNDA:1,(anonymous_1)
DA:1,3
DA:2,1
DA:3,1
DA:4,1
DA:8,3
DA:9,1
DA:10,1
DA:11,1
LF:8
LH:8
BRDA:2,0,0,1
BRDA:9,1,0,1
BRF:2
BRH:2
end_of_record
TN:
SF:src\api\v1\middleware\errorHandler.ts
FN:22,(anonymous_1)
FN:29,(anonymous_2)
FNF:2
FNH:2
FNDA:3,(anonymous_1)
FNDA:3,(anonymous_2)
DA:2,3
DA:3,3
DA:4,3
DA:5,3
DA:6,3
DA:14,3
DA:20,3
DA:22,3
DA:29,3
DA:30,3
DA:33,3
DA:34,2
DA:37,1
DA:41,3
LF:14
LH:14
BRDA:33,0,0,2
BRDA:33,0,1,1
BRDA:33,1,0,3
BRDA:33,1,1,2
BRF:4
BRH:4
end_of_record
TN:
SF:src\api\v1\middleware\logger.ts
FN:16,(anonymous_1)
FNF:1
FNH:0
FNDA:0,(anonymous_1)
DA:1,2
DA:2,2
DA:3,2
DA:6,2
DA:7,2
DA:8,0
DA:12,2
DA:15,2
DA:16,0
DA:20,2
DA:23,2
DA:25,2
LF:12
LH:10
BRDA:7,0,0,0
BRF:1
BRH:0
end_of_record
TN:
SF:src\api\v1\middleware\validateRequest.ts
FN:5,(anonymous_1)
FN:17,(anonymous_2)
FNF:2
FNH:2
FNDA:5,(anonymous_1)
FNDA:8,(anonymous_2)
DA:2,4
DA:3,4
DA:5,4
DA:6,5
DA:7,5
DA:8,3
DA:12,3
DA:14,2
DA:17,4
DA:18,8
DA:19,8
DA:20,5
DA:24,5
DA:26,3
LF:14
LH:14
BRDA:7,0,0,3
BRDA:19,1,0,5
BRF:2
BRH:2
end_of_record
TN:
SF:src\api\v1\models\employeeGroup.ts
FN:13,(anonymous_0)
FNF:1
FNH:1
FNDA:3,(anonymous_0)
DA:13,3
DA:14,3
LF:2
LH:2
BRF:0
BRH:0
end_of_record
TN:
SF:src\api\v1\routes\branchRoutes.ts
FNF:0
FNH:0
DA:1,2
DA:2,2
DA:3,2
DA:5,2
DA:37,2
DA:62,2
DA:91,2
DA:129,2
DA:151,2
DA:153,2
LF:10
LH:10
BRF:0
BRH:0
end_of_record
TN:
SF:src\api\v1\routes\employeeRoutes.ts
FN:49,(anonymous_8)
FN:49,(anonymous_9)
FN:99,(anonymous_10)
FN:99,(anonymous_11)
FN:139,(anonymous_12)
FN:139,(anonymous_13)
FN:141,(anonymous_14)
FN:189,(anonymous_15)
FN:189,(anonymous_16)
FN:193,(anonymous_17)
FN:222,(anonymous_18)
FN:222,(anonymous_19)
FN:224,(anonymous_20)
FNF:13
FNH:8
FNDA:0,(anonymous_8)
FNDA:0,(anonymous_9)
FNDA:1,(anonymous_10)
FNDA:1,(anonymous_11)
FNDA:0,(anonymous_12)
FNDA:0,(anonymous_13)
FNDA:0,(anonymous_14)
FNDA:1,(anonymous_15)
FNDA:1,(anonymous_16)
FNDA:1,(anonymous_17)
FNDA:1,(anonymous_18)
FNDA:1,(anonymous_19)
FNDA:1,(anonymous_20)
DA:1,2
DA:2,2
DA:3,2
DA:4,2
DA:18,2
DA:19,2
DA:49,2
DA:50,0
DA:99,2
DA:100,1
DA:105,1
DA:106,1
DA:139,2
DA:140,0
DA:141,0
DA:143,0
DA:144,0
DA:146,0
DA:189,2
DA:190,1
DA:191,1
DA:193,1
DA:194,1
DA:195,1
DA:196,1
DA:198,0
DA:222,2
DA:223,1
DA:224,1
DA:225,1
DA:246,2
DA:266,2
DA:268,2
LF:33
LH:26
BRDA:143,0,0,0
BRDA:143,0,1,0
BRDA:194,1,0,1
BRDA:194,1,1,0
BRF:4
BRH:1
end_of_record
TN:
SF:src\api\v1\routes\health.ts
FN:27,(anonymous_1)
FNF:1
FNH:0
FNDA:0,(anonymous_1)
DA:1,2
DA:3,2
DA:27,2
DA:29,0
DA:32,2
LF:5
LH:4
BRF:0
BRH:0
end_of_record
TN:
SF:src\api\v1\schemas\branchSchema.ts
FNF:0
FNH:0
DA:1,4
DA:3,4
LF:2
LH:2
BRF:0
BRH:0
end_of_record
TN:
SF:src\api\v1\schemas\employeeSchema.ts
FNF:0
FNH:0
DA:1,4
DA:3,4
DA:40,4
LF:3
LH:3
BRF:0
BRH:0
end_of_record
TN:
SF:src\api\v1\services\employeeService.ts
FN:44,(anonymous_0)
FN:53,(anonymous_1)
FN:57,(anonymous_2)
FN:58,(anonymous_3)
FN:63,(anonymous_4)
FN:64,(anonymous_5)
FN:70,(anonymous_6)
FN:71,(anonymous_7)
FN:76,getEmployeesByBranch
FN:79,getEmployeesByDepartment
FNF:10
FNH:7
FNDA:1,(anonymous_0)
FNDA:0,(anonymous_1)
FNDA:1,(anonymous_2)
FNDA:4,(anonymous_3)
FNDA:1,(anonymous_4)
FNDA:4,(anonymous_5)
FNDA:1,(anonymous_6)
FNDA:4,(anonymous_7)
FNDA:0,getEmployeesByBranch
FNDA:0,getEmployeesByDepartment
DA:4,3
DA:44,3
DA:45,1
DA:46,1
DA:50,0
DA:53,3
DA:54,0
DA:57,3
DA:58,4
DA:59,1
DA:60,0
DA:63,3
DA:64,4
DA:65,1
DA:66,0
DA:67,0
DA:70,3
DA:71,4
DA:72,1
DA:73,0
DA:76,3
DA:77,0
DA:79,3
DA:80,0
LF:24
LH:16
BRDA:45,0,0,1
BRDA:45,1,0,1
BRDA:45,1,1,0
BRDA:45,1,2,0
BRDA:59,2,0,1
BRDA:65,3,0,1
BRDA:72,4,0,1
BRF:7
BRH:5
end_of_record
